This is pdfTeX, Version 3.14159265-2.6-1.40.18 (TeX Live 2017/Debian) (preloaded format=pdflatex 2020.2.13)  3 MAR 2020 00:03
entering extended mode
 restricted \write18 enabled.
 %&-line parsing enabled.
**cluster.tex
(./cluster.tex
LaTeX2e <2017-04-15>
Babel <3.18> and hyphenation patterns for 9 language(s) loaded.
(/usr/share/texlive/texmf-dist/tex/latex/base/article.cls
Document Class: article 2014/09/29 v1.4h Standard LaTeX document class
(/usr/share/texlive/texmf-dist/tex/latex/base/size12.clo
File: size12.clo 2014/09/29 v1.4h Standard LaTeX file (size option)
)
\c@part=\count79
\c@section=\count80
\c@subsection=\count81
\c@subsubsection=\count82
\c@paragraph=\count83
\c@subparagraph=\count84
\c@figure=\count85
\c@table=\count86
\abovecaptionskip=\skip41
\belowcaptionskip=\skip42
\bibindent=\dimen102
)
(/usr/share/texlive/texmf-dist/tex/latex/geometry/geometry.sty
Package: geometry 2010/09/12 v5.6 Page Geometry

(/usr/share/texlive/texmf-dist/tex/latex/graphics/keyval.sty
Package: keyval 2014/10/28 v1.15 key=value parser (DPC)
\KV@toks@=\toks14
)
(/usr/share/texlive/texmf-dist/tex/generic/oberdiek/ifpdf.sty
Package: ifpdf 2017/03/15 v3.2 Provides the ifpdf switch
)
(/usr/share/texlive/texmf-dist/tex/generic/oberdiek/ifvtex.sty
Package: ifvtex 2016/05/16 v1.6 Detect VTeX and its facilities (HO)
Package ifvtex Info: VTeX not detected.
)
(/usr/share/texlive/texmf-dist/tex/generic/ifxetex/ifxetex.sty
Package: ifxetex 2010/09/12 v0.6 Provides ifxetex conditional
)
\Gm@cnth=\count87
\Gm@cntv=\count88
\c@Gm@tempcnt=\count89
\Gm@bindingoffset=\dimen103
\Gm@wd@mp=\dimen104
\Gm@odd@mp=\dimen105
\Gm@even@mp=\dimen106
\Gm@layoutwidth=\dimen107
\Gm@layoutheight=\dimen108
\Gm@layouthoffset=\dimen109
\Gm@layoutvoffset=\dimen110
\Gm@dimlist=\toks15
)
(/usr/share/texlive/texmf-dist/tex/generic/babel/babel.sty
Package: babel 2018/02/14 3.18 The Babel package

(/usr/share/texlive/texmf-dist/tex/generic/babel/switch.def
File: switch.def 2018/02/14 3.18 Babel switching mechanism
)
(/usr/share/texlive/texmf-dist/tex/generic/babel-english/english.ldf
Language: english 2017/06/06 v3.3r English support from the babel system

(/usr/share/texlive/texmf-dist/tex/generic/babel/babel.def
File: babel.def 2018/02/14 3.18 Babel common definitions
\babel@savecnt=\count90
\U@D=\dimen111

(/usr/share/texlive/texmf-dist/tex/generic/babel/txtbabel.def)
\bbl@dirlevel=\count91
)
\l@canadian = a dialect from \language\l@american 
\l@australian = a dialect from \language\l@british 
\l@newzealand = a dialect from \language\l@british 
))
(/usr/share/texlive/texmf-dist/tex/latex/base/inputenc.sty
Package: inputenc 2015/03/17 v1.2c Input encoding file
\inpenc@prehook=\toks16
\inpenc@posthook=\toks17

(/usr/share/texlive/texmf-dist/tex/latex/ucs/utf8x.def
File: utf8x.def 2004/10/17 UCS: Input encoding UTF-8
))
(/usr/share/texlive/texmf-dist/tex/latex/ucs/ucs.sty
Package: ucs 2013/05/11 v2.2 UCS: Unicode input support

(/usr/share/texlive/texmf-dist/tex/latex/ucs/data/uni-global.def
File: uni-global.def 2013/05/13 UCS: Unicode global data
)
\uc@secondtry=\count92
\uc@combtoks=\toks18
\uc@combtoksb=\toks19
\uc@temptokena=\toks20
)
(/usr/share/texlive/texmf-dist/tex/latex/tocbibind/tocbibind.sty
Package: tocbibind 2010/10/13 v1.5k extra ToC listings
Package tocbibind Info: The document has section divisions on input line 50.


Package tocbibind Note: Using section or other style headings.

) (/usr/share/texlive/texmf-dist/tex/latex/import/import.sty
Package: import 2009/03/23  v 5.1
)
(/usr/share/texlive/texmf-dist/tex/latex/glossaries/base/glossaries.sty
Package: glossaries 2017/11/14 v4.35 (NLCT)

(/usr/share/texlive/texmf-dist/tex/latex/base/ifthen.sty
Package: ifthen 2014/09/29 v1.1c Standard LaTeX ifthen package (DPC)
)
(/usr/share/texlive/texmf-dist/tex/latex/xkeyval/xkeyval.sty
Package: xkeyval 2014/12/03 v2.7a package option processing (HA)

(/usr/share/texlive/texmf-dist/tex/generic/xkeyval/xkeyval.tex
(/usr/share/texlive/texmf-dist/tex/generic/xkeyval/xkvutils.tex
\XKV@toks=\toks21
\XKV@tempa@toks=\toks22
)
\XKV@depth=\count93
File: xkeyval.tex 2014/12/03 v2.7a key=value parser (HA)
))
(/usr/share/texlive/texmf-dist/tex/latex/mfirstuc/mfirstuc.sty
Package: mfirstuc 2017/11/14 v2.06 (NLCT)

(/usr/share/texlive/texmf-dist/tex/latex/etoolbox/etoolbox.sty
Package: etoolbox 2018/02/11 v2.5e e-TeX tools for LaTeX (JAW)
\etb@tempcnta=\count94
)
\@glsmfirst=\toks23
\@glsmrest=\toks24
)
(/usr/share/texlive/texmf-dist/tex/latex/textcase/textcase.sty
Package: textcase 2004/10/07 v0.07 Text only upper/lower case changing (DPC)
)
(/usr/share/texlive/texmf-dist/tex/latex/xfor/xfor.sty
Package: xfor 2009/02/05 v1.05 (NLCT)
)
(/usr/share/texlive/texmf-dist/tex/latex/datatool/datatool-base.sty
Package: datatool-base 2017/11/12 v2.29 (NLCT)

(/usr/share/texlive/texmf-dist/tex/latex/amsmath/amsmath.sty
Package: amsmath 2017/09/02 v2.17a AMS math features
\@mathmargin=\skip43

For additional information on amsmath, use the `?' option.
(/usr/share/texlive/texmf-dist/tex/latex/amsmath/amstext.sty
Package: amstext 2000/06/29 v2.01 AMS text

(/usr/share/texlive/texmf-dist/tex/latex/amsmath/amsgen.sty
File: amsgen.sty 1999/11/30 v2.0 generic functions
\@emptytoks=\toks25
\ex@=\dimen112
))
(/usr/share/texlive/texmf-dist/tex/latex/amsmath/amsbsy.sty
Package: amsbsy 1999/11/29 v1.2d Bold Symbols
\pmbraise@=\dimen113
)
(/usr/share/texlive/texmf-dist/tex/latex/amsmath/amsopn.sty
Package: amsopn 2016/03/08 v2.02 operator names
)
\inf@bad=\count95
LaTeX Info: Redefining \frac on input line 213.
\uproot@=\count96
\leftroot@=\count97
LaTeX Info: Redefining \overline on input line 375.
\classnum@=\count98
\DOTSCASE@=\count99
LaTeX Info: Redefining \ldots on input line 472.
LaTeX Info: Redefining \dots on input line 475.
LaTeX Info: Redefining \cdots on input line 596.
\Mathstrutbox@=\box26
\strutbox@=\box27
\big@size=\dimen114
LaTeX Font Info:    Redeclaring font encoding OML on input line 712.
LaTeX Font Info:    Redeclaring font encoding OMS on input line 713.
\macc@depth=\count100
\c@MaxMatrixCols=\count101
\dotsspace@=\muskip10
\c@parentequation=\count102
\dspbrk@lvl=\count103
\tag@help=\toks26
\row@=\count104
\column@=\count105
\maxfields@=\count106
\andhelp@=\toks27
\eqnshift@=\dimen115
\alignsep@=\dimen116
\tagshift@=\dimen117
\tagwidth@=\dimen118
\totwidth@=\dimen119
\lineht@=\dimen120
\@envbody=\toks28
\multlinegap=\skip44
\multlinetaggap=\skip45
\mathdisplay@stack=\toks29
LaTeX Info: Redefining \[ on input line 2817.
LaTeX Info: Redefining \] on input line 2818.
)
(/usr/share/texlive/texmf-dist/tex/latex/substr/substr.sty
Package: substr 2009/10/20 v1.2 Handle substrings
\c@su@anzahl=\count107
)
(/usr/share/texlive/texmf-dist/tex/latex/datatool/datatool-fp.sty
Package: datatool-fp 2017/11/12 v2.29 (NLCT)

(/usr/share/texlive/texmf-dist/tex/latex/fp/fp.sty
Package: fp 1995/04/02

`Fixed Point Package', Version 0.8, April 2, 1995 (C) Michael Mehlich
(/usr/share/texlive/texmf-dist/tex/latex/fp/defpattern.sty
Package: defpattern 1994/10/12
\actioncount=\count108
)
(/usr/share/texlive/texmf-dist/tex/latex/fp/fp-basic.sty
Package: fp-basic 1996/05/13
\FP@xs=\count109
\FP@xia=\count110
\FP@xib=\count111
\FP@xfa=\count112
\FP@xfb=\count113
\FP@rega=\count114
\FP@regb=\count115
\FP@regs=\count116
\FP@times=\count117
)
(/usr/share/texlive/texmf-dist/tex/latex/fp/fp-addons.sty
Package: fp-addons 1995/03/15
)
(/usr/share/texlive/texmf-dist/tex/latex/fp/fp-snap.sty
Package: fp-snap 1995/04/05
)
(/usr/share/texlive/texmf-dist/tex/latex/fp/fp-exp.sty
Package: fp-exp 1995/04/03
)
(/usr/share/texlive/texmf-dist/tex/latex/fp/fp-trigo.sty
Package: fp-trigo 1995/04/14
)
(/usr/share/texlive/texmf-dist/tex/latex/fp/fp-pas.sty
Package: fp-pas 1994/08/29
)
(/usr/share/texlive/texmf-dist/tex/latex/fp/fp-random.sty
Package: fp-random 1995/02/23
\FPseed=\count118
)
(/usr/share/texlive/texmf-dist/tex/latex/fp/fp-eqn.sty
Package: fp-eqn 1995/04/03
)
(/usr/share/texlive/texmf-dist/tex/latex/fp/fp-upn.sty
Package: fp-upn 1996/10/21
)
(/usr/share/texlive/texmf-dist/tex/latex/fp/fp-eval.sty
Package: fp-eval 1995/04/03
)))
\@dtl@toks=\toks30
\@dtl@tmpcount=\count119
\dtl@tmplength=\skip46
\dtl@sortresult=\count120
\@dtl@numgrpsepcount=\count121
\@dtl@datatype=\count122
\dtl@codeA=\count123
\dtl@codeB=\count124
\@dtl@foreach@level=\count125
)
(/usr/share/texlive/texmf-dist/tex/latex/glossaries/base/glossaries-compatible-
307.sty
Package: glossaries-compatible-307 2017/11/14 v4.35 (NLCT)
) (/usr/share/texlive/texmf-dist/tex/latex/tracklang/tracklang.sty
Package: tracklang 2018/02/21 v1.3.5 (NLCT) Track Languages

(/usr/share/texlive/texmf-dist/tex/generic/tracklang/tracklang.tex))
(/usr/share/texlive/texmf-dist/tex/latex/translator/translator.sty
Package: translator 2018/01/04 v1.12 Easy translation of strings in LaTeX
)
(/usr/share/texlive/texmf-dist/tex/latex/glossaries-english/glossaries-english.
ldf
File: glossaries-english.ldf 2014/11/23 v1.0
)
\gls@level=\count126
\@gls@tmpb=\toks31
\gls@tmplen=\skip47
\glskeylisttok=\toks32
\glslabeltok=\toks33
\glsshorttok=\toks34
\glslongtok=\toks35

(/usr/share/texlive/texmf-dist/tex/latex/glossaries/styles/glossary-hypernav.st
y
Package: glossary-hypernav 2017/11/14 v4.35 (NLCT)
) (/usr/share/texlive/texmf-dist/tex/latex/glossaries/styles/glossary-list.sty
Package: glossary-list 2017/11/14 v4.35 (NLCT)
\glslistdottedwidth=\skip48
) (/usr/share/texlive/texmf-dist/tex/latex/glossaries/styles/glossary-long.sty
Package: glossary-long 2017/11/14 v4.35 (NLCT)

(/usr/share/texlive/texmf-dist/tex/latex/tools/longtable.sty
Package: longtable 2014/10/28 v4.11 Multi-page Table package (DPC)
\LTleft=\skip49
\LTright=\skip50
\LTpre=\skip51
\LTpost=\skip52
\LTchunksize=\count127
\LTcapwidth=\dimen121
\LT@head=\box28
\LT@firsthead=\box29
\LT@foot=\box30
\LT@lastfoot=\box31
\LT@cols=\count128
\LT@rows=\count129
\c@LT@tables=\count130
\c@LT@chunks=\count131
\LT@p@ftn=\toks36
)
\glsdescwidth=\skip53
\glspagelistwidth=\skip54
)
(/usr/share/texlive/texmf-dist/tex/latex/glossaries/styles/glossary-super.sty
Package: glossary-super 2017/11/14 v4.35 (NLCT)

(/usr/share/texlive/texmf-dist/tex/latex/supertabular/supertabular.sty
Package: supertabular 2004/02/20 v4.1e the supertabular environment
\c@tracingst=\count132
\ST@wd=\dimen122
\ST@rightskip=\skip55
\ST@leftskip=\skip56
\ST@parfillskip=\skip57
\ST@pageleft=\dimen123
\ST@headht=\dimen124
\ST@tailht=\dimen125
\ST@pagesofar=\dimen126
\ST@pboxht=\dimen127
\ST@lineht=\dimen128
\ST@stretchht=\dimen129
\ST@prevht=\dimen130
\ST@toadd=\dimen131
\ST@dimen=\dimen132
\ST@pbox=\box32
))
(/usr/share/texlive/texmf-dist/tex/latex/glossaries/styles/glossary-tree.sty
Package: glossary-tree 2017/11/14 v4.35 (NLCT)
\glstreeindent=\skip58
))
(/usr/share/texlive/texmf-dist/tex/latex/nomencl/nomencl.sty
Package: nomencl 2005/09/22 v4.2 Nomenclature package (LN)
\nomlabelwidth=\dimen133
\nom@tempdim=\dimen134
\nomitemsep=\skip59
)
(/usr/share/texlive/texmf-dist/tex/latex/pgf/frontendlayer/tikz.sty
(/usr/share/texlive/texmf-dist/tex/latex/pgf/basiclayer/pgf.sty
(/usr/share/texlive/texmf-dist/tex/latex/pgf/utilities/pgfrcs.sty
(/usr/share/texlive/texmf-dist/tex/generic/pgf/utilities/pgfutil-common.tex
\pgfutil@everybye=\toks37
\pgfutil@tempdima=\dimen135
\pgfutil@tempdimb=\dimen136

(/usr/share/texlive/texmf-dist/tex/generic/pgf/utilities/pgfutil-common-lists.t
ex)) (/usr/share/texlive/texmf-dist/tex/generic/pgf/utilities/pgfutil-latex.def
\pgfutil@abb=\box33
(/usr/share/texlive/texmf-dist/tex/latex/ms/everyshi.sty
Package: everyshi 2001/05/15 v3.00 EveryShipout Package (MS)
))
(/usr/share/texlive/texmf-dist/tex/generic/pgf/utilities/pgfrcs.code.tex
Package: pgfrcs 2015/08/07 v3.0.1a (rcs-revision 1.31)
))
Package: pgf 2015/08/07 v3.0.1a (rcs-revision 1.15)

(/usr/share/texlive/texmf-dist/tex/latex/pgf/basiclayer/pgfcore.sty
(/usr/share/texlive/texmf-dist/tex/latex/graphics/graphicx.sty
Package: graphicx 2017/06/01 v1.1a Enhanced LaTeX Graphics (DPC,SPQR)

(/usr/share/texlive/texmf-dist/tex/latex/graphics/graphics.sty
Package: graphics 2017/06/25 v1.2c Standard LaTeX Graphics (DPC,SPQR)

(/usr/share/texlive/texmf-dist/tex/latex/graphics/trig.sty
Package: trig 2016/01/03 v1.10 sin cos tan (DPC)
)
(/usr/share/texlive/texmf-dist/tex/latex/graphics-cfg/graphics.cfg
File: graphics.cfg 2016/06/04 v1.11 sample graphics configuration
)
Package graphics Info: Driver file: pdftex.def on input line 99.

(/usr/share/texlive/texmf-dist/tex/latex/graphics-def/pdftex.def
File: pdftex.def 2018/01/08 v1.0l Graphics/color driver for pdftex
))
\Gin@req@height=\dimen137
\Gin@req@width=\dimen138
)
(/usr/share/texlive/texmf-dist/tex/latex/pgf/systemlayer/pgfsys.sty
(/usr/share/texlive/texmf-dist/tex/generic/pgf/systemlayer/pgfsys.code.tex
Package: pgfsys 2014/07/09 v3.0.1a (rcs-revision 1.48)

(/usr/share/texlive/texmf-dist/tex/generic/pgf/utilities/pgfkeys.code.tex
\pgfkeys@pathtoks=\toks38
\pgfkeys@temptoks=\toks39

(/usr/share/texlive/texmf-dist/tex/generic/pgf/utilities/pgfkeysfiltered.code.t
ex
\pgfkeys@tmptoks=\toks40
))
\pgf@x=\dimen139
\pgf@y=\dimen140
\pgf@xa=\dimen141
\pgf@ya=\dimen142
\pgf@xb=\dimen143
\pgf@yb=\dimen144
\pgf@xc=\dimen145
\pgf@yc=\dimen146
\w@pgf@writea=\write3
\r@pgf@reada=\read1
\c@pgf@counta=\count133
\c@pgf@countb=\count134
\c@pgf@countc=\count135
\c@pgf@countd=\count136
\t@pgf@toka=\toks41
\t@pgf@tokb=\toks42
\t@pgf@tokc=\toks43
 (/usr/share/texlive/texmf-dist/tex/generic/pgf/systemlayer/pgf.cfg
File: pgf.cfg 2008/05/14  (rcs-revision 1.7)
)
Driver file for pgf: pgfsys-pdftex.def

(/usr/share/texlive/texmf-dist/tex/generic/pgf/systemlayer/pgfsys-pdftex.def
File: pgfsys-pdftex.def 2014/10/11  (rcs-revision 1.35)

(/usr/share/texlive/texmf-dist/tex/generic/pgf/systemlayer/pgfsys-common-pdf.de
f
File: pgfsys-common-pdf.def 2013/10/10  (rcs-revision 1.13)
)))
(/usr/share/texlive/texmf-dist/tex/generic/pgf/systemlayer/pgfsyssoftpath.code.
tex
File: pgfsyssoftpath.code.tex 2013/09/09  (rcs-revision 1.9)
\pgfsyssoftpath@smallbuffer@items=\count137
\pgfsyssoftpath@bigbuffer@items=\count138
)
(/usr/share/texlive/texmf-dist/tex/generic/pgf/systemlayer/pgfsysprotocol.code.
tex
File: pgfsysprotocol.code.tex 2006/10/16  (rcs-revision 1.4)
)) (/usr/share/texlive/texmf-dist/tex/latex/xcolor/xcolor.sty
Package: xcolor 2016/05/11 v2.12 LaTeX color extensions (UK)

(/usr/share/texlive/texmf-dist/tex/latex/graphics-cfg/color.cfg
File: color.cfg 2016/01/02 v1.6 sample color configuration
)
Package xcolor Info: Driver file: pdftex.def on input line 225.
Package xcolor Info: Model `cmy' substituted by `cmy0' on input line 1348.
Package xcolor Info: Model `hsb' substituted by `rgb' on input line 1352.
Package xcolor Info: Model `RGB' extended on input line 1364.
Package xcolor Info: Model `HTML' substituted by `rgb' on input line 1366.
Package xcolor Info: Model `Hsb' substituted by `hsb' on input line 1367.
Package xcolor Info: Model `tHsb' substituted by `hsb' on input line 1368.
Package xcolor Info: Model `HSB' substituted by `hsb' on input line 1369.
Package xcolor Info: Model `Gray' substituted by `gray' on input line 1370.
Package xcolor Info: Model `wave' substituted by `hsb' on input line 1371.
)
(/usr/share/texlive/texmf-dist/tex/generic/pgf/basiclayer/pgfcore.code.tex
Package: pgfcore 2010/04/11 v3.0.1a (rcs-revision 1.7)

(/usr/share/texlive/texmf-dist/tex/generic/pgf/math/pgfmath.code.tex
(/usr/share/texlive/texmf-dist/tex/generic/pgf/math/pgfmathcalc.code.tex
(/usr/share/texlive/texmf-dist/tex/generic/pgf/math/pgfmathutil.code.tex)
(/usr/share/texlive/texmf-dist/tex/generic/pgf/math/pgfmathparser.code.tex
\pgfmath@dimen=\dimen147
\pgfmath@count=\count139
\pgfmath@box=\box34
\pgfmath@toks=\toks44
\pgfmath@stack@operand=\toks45
\pgfmath@stack@operation=\toks46
)
(/usr/share/texlive/texmf-dist/tex/generic/pgf/math/pgfmathfunctions.code.tex
(/usr/share/texlive/texmf-dist/tex/generic/pgf/math/pgfmathfunctions.basic.code
.tex)
(/usr/share/texlive/texmf-dist/tex/generic/pgf/math/pgfmathfunctions.trigonomet
ric.code.tex)
(/usr/share/texlive/texmf-dist/tex/generic/pgf/math/pgfmathfunctions.random.cod
e.tex)
(/usr/share/texlive/texmf-dist/tex/generic/pgf/math/pgfmathfunctions.comparison
.code.tex)
(/usr/share/texlive/texmf-dist/tex/generic/pgf/math/pgfmathfunctions.base.code.
tex)
(/usr/share/texlive/texmf-dist/tex/generic/pgf/math/pgfmathfunctions.round.code
.tex)
(/usr/share/texlive/texmf-dist/tex/generic/pgf/math/pgfmathfunctions.misc.code.
tex)
(/usr/share/texlive/texmf-dist/tex/generic/pgf/math/pgfmathfunctions.integerari
thmetics.code.tex)))
(/usr/share/texlive/texmf-dist/tex/generic/pgf/math/pgfmathfloat.code.tex
\c@pgfmathroundto@lastzeros=\count140
))
(/usr/share/texlive/texmf-dist/tex/generic/pgf/basiclayer/pgfcorepoints.code.te
x
File: pgfcorepoints.code.tex 2013/10/07  (rcs-revision 1.27)
\pgf@picminx=\dimen148
\pgf@picmaxx=\dimen149
\pgf@picminy=\dimen150
\pgf@picmaxy=\dimen151
\pgf@pathminx=\dimen152
\pgf@pathmaxx=\dimen153
\pgf@pathminy=\dimen154
\pgf@pathmaxy=\dimen155
\pgf@xx=\dimen156
\pgf@xy=\dimen157
\pgf@yx=\dimen158
\pgf@yy=\dimen159
\pgf@zx=\dimen160
\pgf@zy=\dimen161
)
(/usr/share/texlive/texmf-dist/tex/generic/pgf/basiclayer/pgfcorepathconstruct.
code.tex
File: pgfcorepathconstruct.code.tex 2013/10/07  (rcs-revision 1.29)
\pgf@path@lastx=\dimen162
\pgf@path@lasty=\dimen163
)
(/usr/share/texlive/texmf-dist/tex/generic/pgf/basiclayer/pgfcorepathusage.code
.tex
File: pgfcorepathusage.code.tex 2014/11/02  (rcs-revision 1.24)
\pgf@shorten@end@additional=\dimen164
\pgf@shorten@start@additional=\dimen165
)
(/usr/share/texlive/texmf-dist/tex/generic/pgf/basiclayer/pgfcorescopes.code.te
x
File: pgfcorescopes.code.tex 2015/05/08  (rcs-revision 1.46)
\pgfpic=\box35
\pgf@hbox=\box36
\pgf@layerbox@main=\box37
\pgf@picture@serial@count=\count141
)
(/usr/share/texlive/texmf-dist/tex/generic/pgf/basiclayer/pgfcoregraphicstate.c
ode.tex
File: pgfcoregraphicstate.code.tex 2014/11/02  (rcs-revision 1.12)
\pgflinewidth=\dimen166
)
(/usr/share/texlive/texmf-dist/tex/generic/pgf/basiclayer/pgfcoretransformation
s.code.tex
File: pgfcoretransformations.code.tex 2015/08/07  (rcs-revision 1.20)
\pgf@pt@x=\dimen167
\pgf@pt@y=\dimen168
\pgf@pt@temp=\dimen169
)
(/usr/share/texlive/texmf-dist/tex/generic/pgf/basiclayer/pgfcorequick.code.tex
File: pgfcorequick.code.tex 2008/10/09  (rcs-revision 1.3)
)
(/usr/share/texlive/texmf-dist/tex/generic/pgf/basiclayer/pgfcoreobjects.code.t
ex
File: pgfcoreobjects.code.tex 2006/10/11  (rcs-revision 1.2)
)
(/usr/share/texlive/texmf-dist/tex/generic/pgf/basiclayer/pgfcorepathprocessing
.code.tex
File: pgfcorepathprocessing.code.tex 2013/09/09  (rcs-revision 1.9)
)
(/usr/share/texlive/texmf-dist/tex/generic/pgf/basiclayer/pgfcorearrows.code.te
x
File: pgfcorearrows.code.tex 2015/05/14  (rcs-revision 1.43)
\pgfarrowsep=\dimen170
)
(/usr/share/texlive/texmf-dist/tex/generic/pgf/basiclayer/pgfcoreshade.code.tex
File: pgfcoreshade.code.tex 2013/07/15  (rcs-revision 1.15)
\pgf@max=\dimen171
\pgf@sys@shading@range@num=\count142
)
(/usr/share/texlive/texmf-dist/tex/generic/pgf/basiclayer/pgfcoreimage.code.tex
File: pgfcoreimage.code.tex 2013/07/15  (rcs-revision 1.18)

(/usr/share/texlive/texmf-dist/tex/generic/pgf/basiclayer/pgfcoreexternal.code.
tex
File: pgfcoreexternal.code.tex 2014/07/09  (rcs-revision 1.21)
\pgfexternal@startupbox=\box38
))
(/usr/share/texlive/texmf-dist/tex/generic/pgf/basiclayer/pgfcorelayers.code.te
x
File: pgfcorelayers.code.tex 2013/07/18  (rcs-revision 1.7)
)
(/usr/share/texlive/texmf-dist/tex/generic/pgf/basiclayer/pgfcoretransparency.c
ode.tex
File: pgfcoretransparency.code.tex 2013/09/30  (rcs-revision 1.5)
)
(/usr/share/texlive/texmf-dist/tex/generic/pgf/basiclayer/pgfcorepatterns.code.
tex
File: pgfcorepatterns.code.tex 2013/11/07  (rcs-revision 1.5)
)))
(/usr/share/texlive/texmf-dist/tex/generic/pgf/modules/pgfmoduleshapes.code.tex
File: pgfmoduleshapes.code.tex 2014/03/21  (rcs-revision 1.35)
\pgfnodeparttextbox=\box39
) (/usr/share/texlive/texmf-dist/tex/generic/pgf/modules/pgfmoduleplot.code.tex
File: pgfmoduleplot.code.tex 2015/08/03  (rcs-revision 1.13)
)
(/usr/share/texlive/texmf-dist/tex/latex/pgf/compatibility/pgfcomp-version-0-65
.sty
Package: pgfcomp-version-0-65 2007/07/03 v3.0.1a (rcs-revision 1.7)
\pgf@nodesepstart=\dimen172
\pgf@nodesepend=\dimen173
)
(/usr/share/texlive/texmf-dist/tex/latex/pgf/compatibility/pgfcomp-version-1-18
.sty
Package: pgfcomp-version-1-18 2007/07/23 v3.0.1a (rcs-revision 1.1)
)) (/usr/share/texlive/texmf-dist/tex/latex/pgf/utilities/pgffor.sty
(/usr/share/texlive/texmf-dist/tex/latex/pgf/utilities/pgfkeys.sty
(/usr/share/texlive/texmf-dist/tex/generic/pgf/utilities/pgfkeys.code.tex))
(/usr/share/texlive/texmf-dist/tex/latex/pgf/math/pgfmath.sty
(/usr/share/texlive/texmf-dist/tex/generic/pgf/math/pgfmath.code.tex))
(/usr/share/texlive/texmf-dist/tex/generic/pgf/utilities/pgffor.code.tex
Package: pgffor 2013/12/13 v3.0.1a (rcs-revision 1.25)

(/usr/share/texlive/texmf-dist/tex/generic/pgf/math/pgfmath.code.tex)
\pgffor@iter=\dimen174
\pgffor@skip=\dimen175
\pgffor@stack=\toks47
\pgffor@toks=\toks48
))
(/usr/share/texlive/texmf-dist/tex/generic/pgf/frontendlayer/tikz/tikz.code.tex
Package: tikz 2015/08/07 v3.0.1a (rcs-revision 1.151)

(/usr/share/texlive/texmf-dist/tex/generic/pgf/libraries/pgflibraryplothandlers
.code.tex
File: pgflibraryplothandlers.code.tex 2013/08/31 v3.0.1a (rcs-revision 1.20)
\pgf@plot@mark@count=\count143
\pgfplotmarksize=\dimen176
)
\tikz@lastx=\dimen177
\tikz@lasty=\dimen178
\tikz@lastxsaved=\dimen179
\tikz@lastysaved=\dimen180
\tikzleveldistance=\dimen181
\tikzsiblingdistance=\dimen182
\tikz@figbox=\box40
\tikz@figbox@bg=\box41
\tikz@tempbox=\box42
\tikz@tempbox@bg=\box43
\tikztreelevel=\count144
\tikznumberofchildren=\count145
\tikznumberofcurrentchild=\count146
\tikz@fig@count=\count147

(/usr/share/texlive/texmf-dist/tex/generic/pgf/modules/pgfmodulematrix.code.tex
File: pgfmodulematrix.code.tex 2013/09/17  (rcs-revision 1.8)
\pgfmatrixcurrentrow=\count148
\pgfmatrixcurrentcolumn=\count149
\pgf@matrix@numberofcolumns=\count150
)
\tikz@expandcount=\count151

(/usr/share/texlive/texmf-dist/tex/generic/pgf/frontendlayer/tikz/libraries/tik
zlibrarytopaths.code.tex
File: tikzlibrarytopaths.code.tex 2008/06/17 v3.0.1a (rcs-revision 1.2)
)))
(/usr/share/texlive/texmf-dist/tex/latex/morefloats/morefloats.sty
Package: morefloats 2015/07/22 v1.0h Raise limit of unprocessed floats (HMM)

(/usr/share/texlive/texmf-dist/tex/latex/oberdiek/kvoptions.sty
Package: kvoptions 2016/05/16 v3.12 Key value format for package options (HO)

(/usr/share/texlive/texmf-dist/tex/generic/oberdiek/ltxcmds.sty
Package: ltxcmds 2016/05/16 v1.23 LaTeX kernel commands for general use (HO)
)
(/usr/share/texlive/texmf-dist/tex/generic/oberdiek/kvsetkeys.sty
Package: kvsetkeys 2016/05/16 v1.17 Key value parser (HO)

(/usr/share/texlive/texmf-dist/tex/generic/oberdiek/infwarerr.sty
Package: infwarerr 2016/05/16 v1.4 Providing info/warning/error messages (HO)
)
(/usr/share/texlive/texmf-dist/tex/generic/oberdiek/etexcmds.sty
Package: etexcmds 2016/05/16 v1.6 Avoid name clashes with e-TeX commands (HO)

(/usr/share/texlive/texmf-dist/tex/generic/oberdiek/ifluatex.sty
Package: ifluatex 2016/05/16 v1.4 Provides the ifluatex switch (HO)
Package ifluatex Info: LuaTeX not detected.
)
Package etexcmds Info: Could not find \expanded.
(etexcmds)             That can mean that you are not using pdfTeX 1.50 or
(etexcmds)             that some package has redefined \expanded.
(etexcmds)             In the latter case, load this package earlier.
)))
Package morefloats Info: Maximum number of possible floats asked for: 256
(morefloats)             (i.e. 238 more floats).
(morefloats)             LaTeX might run out of memory before this
(morefloats)             (in which case it will notify you).
)
(/usr/share/texlive/texmf-dist/tex/latex/booktabs/booktabs.sty
Package: booktabs 2016/04/27 v1.618033 publication quality tables
\heavyrulewidth=\dimen183
\lightrulewidth=\dimen184
\cmidrulewidth=\dimen185
\belowrulesep=\dimen186
\belowbottomsep=\dimen187
\aboverulesep=\dimen188
\abovetopsep=\dimen189
\cmidrulesep=\dimen190
\cmidrulekern=\dimen191
\defaultaddspace=\dimen192
\@cmidla=\count152
\@cmidlb=\count153
\@aboverulesep=\dimen193
\@belowrulesep=\dimen194
\@thisruleclass=\count154
\@lastruleclass=\count155
\@thisrulewidth=\dimen195
)
(/usr/share/texlive/texmf-dist/tex/latex/eso-pic/eso-pic.sty
Package: eso-pic 2015/07/21 v2.0g eso-pic (RN)

(/usr/share/texlive/texmf-dist/tex/generic/oberdiek/atbegshi.sty
Package: atbegshi 2016/06/09 v1.18 At begin shipout hook (HO)
))
(/usr/share/texlive/texmf-dist/tex/latex/hyperref/hyperref.sty
Package: hyperref 2018/02/06 v6.86b Hypertext links for LaTeX

(/usr/share/texlive/texmf-dist/tex/generic/oberdiek/hobsub-hyperref.sty
Package: hobsub-hyperref 2016/05/16 v1.14 Bundle oberdiek, subset hyperref (HO)


(/usr/share/texlive/texmf-dist/tex/generic/oberdiek/hobsub-generic.sty
Package: hobsub-generic 2016/05/16 v1.14 Bundle oberdiek, subset generic (HO)
Package: hobsub 2016/05/16 v1.14 Construct package bundles (HO)
Package hobsub Info: Skipping package `infwarerr' (already loaded).
Package hobsub Info: Skipping package `ltxcmds' (already loaded).
Package hobsub Info: Skipping package `ifluatex' (already loaded).
Package hobsub Info: Skipping package `ifvtex' (already loaded).
Package: intcalc 2016/05/16 v1.2 Expandable calculations with integers (HO)
Package hobsub Info: Skipping package `ifpdf' (already loaded).
Package hobsub Info: Skipping package `etexcmds' (already loaded).
Package hobsub Info: Skipping package `kvsetkeys' (already loaded).
Package: kvdefinekeys 2016/05/16 v1.4 Define keys (HO)
Package: pdftexcmds 2018/01/21 v0.26 Utility functions of pdfTeX for LuaTeX (HO
)
Package pdftexcmds Info: LuaTeX not detected.
Package pdftexcmds Info: \pdf@primitive is available.
Package pdftexcmds Info: \pdf@ifprimitive is available.
Package pdftexcmds Info: \pdfdraftmode found.
Package: pdfescape 2016/05/16 v1.14 Implements pdfTeX's escape features (HO)
Package: bigintcalc 2016/05/16 v1.4 Expandable calculations on big integers (HO
)
Package: bitset 2016/05/16 v1.2 Handle bit-vector datatype (HO)
Package: uniquecounter 2016/05/16 v1.3 Provide unlimited unique counter (HO)
)
Package hobsub Info: Skipping package `hobsub' (already loaded).
Package: letltxmacro 2016/05/16 v1.5 Let assignment for LaTeX macros (HO)
Package: hopatch 2016/05/16 v1.3 Wrapper for package hooks (HO)
Package: xcolor-patch 2016/05/16 xcolor patch
Package: atveryend 2016/05/16 v1.9 Hooks at the very end of document (HO)
Package hobsub Info: Skipping package `atbegshi' (already loaded).
Package: refcount 2016/05/16 v3.5 Data extraction from label references (HO)
Package: hycolor 2016/05/16 v1.8 Color options for hyperref/bookmark (HO)
)
(/usr/share/texlive/texmf-dist/tex/latex/oberdiek/auxhook.sty
Package: auxhook 2016/05/16 v1.4 Hooks for auxiliary files (HO)
)
\@linkdim=\dimen196
\Hy@linkcounter=\count156
\Hy@pagecounter=\count157

(/usr/share/texlive/texmf-dist/tex/latex/hyperref/pd1enc.def
File: pd1enc.def 2018/02/06 v6.86b Hyperref: PDFDocEncoding definition (HO)
)
\Hy@SavedSpaceFactor=\count158

(/usr/share/texlive/texmf-dist/tex/latex/latexconfig/hyperref.cfg
File: hyperref.cfg 2002/06/06 v1.2 hyperref configuration of TeXLive
)
Package hyperref Info: Hyper figures OFF on input line 4509.
Package hyperref Info: Link nesting OFF on input line 4514.
Package hyperref Info: Hyper index ON on input line 4517.
Package hyperref Info: Plain pages OFF on input line 4524.
Package hyperref Info: Backreferencing OFF on input line 4529.
Package hyperref Info: Implicit mode ON; LaTeX internals redefined.
Package hyperref Info: Bookmarks ON on input line 4762.
\c@Hy@tempcnt=\count159

(/usr/share/texlive/texmf-dist/tex/latex/url/url.sty
\Urlmuskip=\muskip11
Package: url 2013/09/16  ver 3.4  Verb mode for urls, etc.
)
LaTeX Info: Redefining \url on input line 5115.
\XeTeXLinkMargin=\dimen197
\Fld@menulength=\count160
\Field@Width=\dimen198
\Fld@charsize=\dimen199
Package hyperref Info: Hyper figures OFF on input line 6369.
Package hyperref Info: Link nesting OFF on input line 6374.
Package hyperref Info: Hyper index ON on input line 6377.
Package hyperref Info: backreferencing OFF on input line 6384.
Package hyperref Info: Link coloring OFF on input line 6389.
Package hyperref Info: Link coloring with OCG OFF on input line 6394.
Package hyperref Info: PDF/A mode OFF on input line 6399.
LaTeX Info: Redefining \ref on input line 6439.
LaTeX Info: Redefining \pageref on input line 6443.
\Hy@abspage=\count161
\c@Item=\count162
\c@Hfootnote=\count163
)
Package hyperref Info: Driver (autodetected): hpdftex.

(/usr/share/texlive/texmf-dist/tex/latex/hyperref/hpdftex.def
File: hpdftex.def 2018/02/06 v6.86b Hyperref driver for pdfTeX
\Fld@listcount=\count164
\c@bookmark@seq@number=\count165

(/usr/share/texlive/texmf-dist/tex/latex/oberdiek/rerunfilecheck.sty
Package: rerunfilecheck 2016/05/16 v1.8 Rerun checks for auxiliary files (HO)
Package uniquecounter Info: New unique counter `rerunfilecheck' on input line 2
82.
)
\Hy@SectionHShift=\skip60
)
(/usr/share/texlive/texmf-dist/tex/latex/oberdiek/pdflscape.sty
Package: pdflscape 2016/05/14 v0.11 Display of landscape pages in PDF (HO)

(/usr/share/texlive/texmf-dist/tex/latex/graphics/lscape.sty
Package: lscape 2000/10/22 v3.01 Landscape Pages (DPC)
)
Package pdflscape Info: Auto-detected driver: pdftex on input line 81.
)
(/usr/share/texlive/texmf-dist/tex/latex/adjustbox/adjustbox.sty
Package: adjustbox 2012/05/21 v1.0 Adjusting TeX boxes (trim, clip, ...)

(/usr/share/texlive/texmf-dist/tex/latex/adjustbox/adjcalc.sty
Package: adjcalc 2012/05/16 v1.1 Provides advanced setlength with multiple back
-ends (calc, etex, pgfmath)
)
(/usr/share/texlive/texmf-dist/tex/latex/adjustbox/trimclip.sty
Package: trimclip 2012/05/16 v1.0 Trim and clip general TeX material

(/usr/share/texlive/texmf-dist/tex/latex/collectbox/collectbox.sty
Package: collectbox 2012/05/17 v0.4b Collect macro arguments as boxes
\collectedbox=\box44
)
\tc@llx=\dimen256
\tc@lly=\dimen257
\tc@urx=\dimen258
\tc@ury=\dimen259
Package trimclip Info: Using driver 'tc-pdftex.def'.

(/usr/share/texlive/texmf-dist/tex/latex/adjustbox/tc-pdftex.def
File: tc-pdftex.def 2012/05/13 v1.0 Clipping driver for pdftex
))
\adjbox@Width=\dimen260
\adjbox@Height=\dimen261
\adjbox@Depth=\dimen262
\adjbox@Totalheight=\dimen263

(/usr/share/texlive/texmf-dist/tex/latex/ifoddpage/ifoddpage.sty
Package: ifoddpage 2016/04/23 v1.1 Conditionals for odd/even page detection
\c@checkoddpage=\count166
)
(/usr/share/texlive/texmf-dist/tex/latex/varwidth/varwidth.sty
Package: varwidth 2009/03/30 ver 0.92;  Variable-width minipages
\@vwid@box=\box45
\sift@deathcycles=\count167
\@vwid@loff=\dimen264
\@vwid@roff=\dimen265
))
(/usr/share/texlive/texmf-dist/tex/latex/capt-of/capt-of.sty
Package: capt-of 2009/12/29 v0.2 standard captions outside of floats
)
(/usr/share/texlive/texmf-dist/tex/latex/listings/listings.sty
\lst@mode=\count168
\lst@gtempboxa=\box46
\lst@token=\toks49
\lst@length=\count169
\lst@currlwidth=\dimen266
\lst@column=\count170
\lst@pos=\count171
\lst@lostspace=\dimen267
\lst@width=\dimen268
\lst@newlines=\count172
\lst@lineno=\count173
\lst@maxwidth=\dimen269

(/usr/share/texlive/texmf-dist/tex/latex/listings/lstmisc.sty
File: lstmisc.sty 2015/06/04 1.6 (Carsten Heinz)
\c@lstnumber=\count174
\lst@skipnumbers=\count175
\lst@framebox=\box47
)
(/usr/share/texlive/texmf-dist/tex/latex/listings/listings.cfg
File: listings.cfg 2015/06/04 1.6 listings configuration
))
Package: listings 2015/06/04 1.6 (Carsten Heinz)

(/usr/share/texlive/texmf-dist/tex/latex/multirow/multirow.sty
Package: multirow 2016/11/25 v2.2 Span multiple rows of a table
\multirow@colwidth=\skip61
\multirow@cntb=\count176
\multirow@dima=\skip62
\bigstrutjot=\dimen270
)
(/usr/share/texlive/texmf-dist/tex/latex/setspace/setspace.sty
Package: setspace 2011/12/19 v6.7a set line spacing
)
\glswrite=\write4
\glo@main@file=\write5
\openout5 = `cluster.glo'.

Package glossaries Info: Writing glossary file cluster.glo on input line 30.
 (./cluster.aux)
\openout1 = `cluster.aux'.

LaTeX Font Info:    Checking defaults for OML/cmm/m/it on input line 66.
LaTeX Font Info:    ... okay on input line 66.
LaTeX Font Info:    Checking defaults for T1/cmr/m/n on input line 66.
LaTeX Font Info:    ... okay on input line 66.
LaTeX Font Info:    Checking defaults for OT1/cmr/m/n on input line 66.
LaTeX Font Info:    ... okay on input line 66.
LaTeX Font Info:    Checking defaults for OMS/cmsy/m/n on input line 66.
LaTeX Font Info:    ... okay on input line 66.
LaTeX Font Info:    Checking defaults for OMX/cmex/m/n on input line 66.
LaTeX Font Info:    ... okay on input line 66.
LaTeX Font Info:    Checking defaults for U/cmr/m/n on input line 66.
LaTeX Font Info:    ... okay on input line 66.
LaTeX Font Info:    Checking defaults for PD1/pdf/m/n on input line 66.
LaTeX Font Info:    ... okay on input line 66.
*geometry* driver: auto-detecting
*geometry* detected driver: pdftex
*geometry* verbose mode - [ preamble ] result:
* driver: pdftex
* paper: a4paper
* layout: <same size as paper>
* layoutoffset:(h,v)=(0.0pt,0.0pt)
* bindingoffset: 28.45274pt
* modes: 
* h-part:(L,W,R)=(42.67912pt, 441.01775pt, 85.35826pt)
* v-part:(T,H,B)=(56.9055pt, 702.78308pt, 85.35826pt)
* \paperwidth=597.50787pt
* \paperheight=845.04684pt
* \textwidth=441.01775pt
* \textheight=702.78308pt
* \oddsidemargin=-1.13812pt
* \evensidemargin=-29.59087pt
* \topmargin=-52.36449pt
* \headheight=12.0pt
* \headsep=25.0pt
* \topskip=12.0pt
* \footskip=30.0pt
* \marginparwidth=44.0pt
* \marginparsep=10.0pt
* \columnsep=10.0pt
* \skip\footins=10.8pt plus 4.0pt minus 2.0pt
* \hoffset=0.0pt
* \voffset=0.0pt
* \mag=1000
* \@twocolumnfalse
* \@twosidefalse
* \@mparswitchfalse
* \@reversemarginfalse
* (1in=72.27pt=25.4mm, 1cm=28.453pt)

(/usr/share/texlive/texmf-dist/tex/latex/ucs/ucsencs.def
File: ucsencs.def 2011/01/21 Fixes to fontencodings LGR, T3
) (./cluster.glsdefs)
ABD: EveryShipout initializing macros
(/usr/share/texlive/texmf-dist/tex/context/base/mkii/supp-pdf.mkii
[Loading MPS to PDF converter (version 2006.09.02).]
\scratchcounter=\count177
\scratchdimen=\dimen271
\scratchbox=\box48
\nofMPsegments=\count178
\nofMParguments=\count179
\everyMPshowfont=\toks50
\MPscratchCnt=\count180
\MPscratchDim=\dimen272
\MPnumerator=\count181
\makeMPintoPDFobject=\count182
\everyMPtoPDFconversion=\toks51
) (/usr/share/texlive/texmf-dist/tex/latex/oberdiek/epstopdf-base.sty
Package: epstopdf-base 2016/05/15 v2.6 Base part for package epstopdf

(/usr/share/texlive/texmf-dist/tex/latex/oberdiek/grfext.sty
Package: grfext 2016/05/16 v1.2 Manage graphics extensions (HO)
)
Package epstopdf-base Info: Redefining graphics rule for `.eps' on input line 4
38.
Package grfext Info: Graphics extension search list:
(grfext)             [.pdf,.png,.jpg,.mps,.jpeg,.jbig2,.jb2,.PDF,.PNG,.JPG,.JPE
G,.JBIG2,.JB2,.eps]
(grfext)             \AppendGraphicsExtensions on input line 456.

(/usr/share/texlive/texmf-dist/tex/latex/latexconfig/epstopdf-sys.cfg
File: epstopdf-sys.cfg 2010/07/13 v1.3 Configuration of (r)epstopdf for TeX Liv
e
))
\AtBeginShipoutBox=\box49
Package hyperref Info: Link coloring OFF on input line 66.

(/usr/share/texlive/texmf-dist/tex/latex/hyperref/nameref.sty
Package: nameref 2016/05/21 v2.44 Cross-referencing by name of section

(/usr/share/texlive/texmf-dist/tex/generic/oberdiek/gettitlestring.sty
Package: gettitlestring 2016/05/16 v1.5 Cleanup title references (HO)
)
\c@section@level=\count183
)
LaTeX Info: Redefining \ref on input line 66.
LaTeX Info: Redefining \pageref on input line 66.
LaTeX Info: Redefining \nameref on input line 66.

(./cluster.out) (./cluster.out)
\@outlinefile=\write6
\openout6 = `cluster.out'.

\c@lstlisting=\count184
 [1

\openout4 = `cluster.ist'.

{/var/lib/texmf/fonts/map/pdftex/updmap/pdftex.map}]pdfTeX warning (ext4): dest
ination with the same identifier (name{page.1}) has been already used, duplicat
e ignored
<to be read again> 
                   \relax 
l.114 \newpage
               [1] [2] [3] [4] (./cluster.toc [5])
\tf@toc=\write7
\openout7 = `cluster.toc'.

 [6] (./cluster.lof [7]
Overfull \hbox (2.76244pt too wide) in paragraph at lines 57--57
 [][] [][]\OT1/cmr/m/n/12 Form Val-i-da-tion and er-ror han-dling to pre-vent e
r-ro-neous val-ues in database.[] [][]  
 []

)
\tf@lof=\write8
\openout8 = `cluster.lof'.

 [8] (./cluster.lot)
\tf@lot=\write9
\openout9 = `cluster.lot'.

 [9]
(/usr/share/texlive/texmf-dist/tex/latex/ucs/data/uni-32.def
File: uni-32.def 2013/05/13 UCS: Unicode data U+2000..U+20FF
) [10] [11]
[12] [13] [14] [15] [16] [17] [18] [19] [20] [21] [22]
LaTeX Font Info:    Try loading font information for OMS+cmr on input line 334.


(/usr/share/texlive/texmf-dist/tex/latex/base/omscmr.fd
File: omscmr.fd 2014/09/29 v2.5h Standard LaTeX font definitions
)
LaTeX Font Info:    Font shape `OMS/cmr/m/n' in size <12> not available
(Font)              Font shape `OMS/cmsy/m/n' tried instead on input line 334.
 [23] [24] [25]
Overfull \hbox (12.98032pt too wide) in paragraph at lines 398--399
[]\OT1/cmr/m/n/12 After se-lect-ing one al-go-rithm we look to de-ploy one onto
 dis-tributed sys-tems model[[]],
 []

[26] [27] [28] [29] [30] [31] [32] [33] [34] [35]

LaTeX Warning: No positions in optional float specifier.
               Default added (so using `tbp') on input line 593.

[36


]

LaTeX Warning: No positions in optional float specifier.
               Default added (so using `tbp') on input line 622.

[37




]

LaTeX Warning: No positions in optional float specifier.
               Default added (so using `tbp') on input line 658.

[38




]

LaTeX Warning: No positions in optional float specifier.
               Default added (so using `tbp') on input line 693.

[39




]

LaTeX Warning: No positions in optional float specifier.
               Default added (so using `tbp') on input line 719.

[40




]

LaTeX Warning: No positions in optional float specifier.
               Default added (so using `tbp') on input line 752.

[41




]

LaTeX Warning: No positions in optional float specifier.
               Default added (so using `tbp') on input line 780.


LaTeX Warning: No positions in optional float specifier.
               Default added (so using `tbp') on input line 794.


LaTeX Warning: No positions in optional float specifier.
               Default added (so using `tbp') on input line 809.


LaTeX Warning: No positions in optional float specifier.
               Default added (so using `tbp') on input line 824.


LaTeX Warning: No positions in optional float specifier.
               Default added (so using `tbp') on input line 838.


LaTeX Warning: No positions in optional float specifier.
               Default added (so using `tbp') on input line 851.

[42] [43



] [44]
<./images/1.png, id=664, 702.625pt x 451.6875pt>
File: ./images/1.png Graphic file (type png)
<use ./images/1.png>
Package pdftex.def Info: ./images/1.png  used on input line 924.
(pdftex.def)             Requested size: 441.01775pt x 283.51701pt.
<./images/10.png, id=666, 702.625pt x 451.6875pt>
File: ./images/10.png Graphic file (type png)
<use ./images/10.png>
Package pdftex.def Info: ./images/10.png  used on input line 930.
(pdftex.def)             Requested size: 441.01775pt x 283.51701pt.
<./images/11.png, id=667, 702.625pt x 451.6875pt>
File: ./images/11.png Graphic file (type png)
<use ./images/11.png>
Package pdftex.def Info: ./images/11.png  used on input line 936.
(pdftex.def)             Requested size: 441.01775pt x 283.51701pt.
<./images/14.png, id=668, 702.625pt x 451.6875pt>
File: ./images/14.png Graphic file (type png)
<use ./images/14.png>
Package pdftex.def Info: ./images/14.png  used on input line 942.
(pdftex.def)             Requested size: 441.01775pt x 283.51701pt.
<./images/12.png, id=669, 702.625pt x 451.6875pt>
File: ./images/12.png Graphic file (type png)
<use ./images/12.png>
Package pdftex.def Info: ./images/12.png  used on input line 948.
(pdftex.def)             Requested size: 441.01775pt x 283.51701pt.
<./images/13.png, id=670, 702.625pt x 451.6875pt>
File: ./images/13.png Graphic file (type png)
<use ./images/13.png>
Package pdftex.def Info: ./images/13.png  used on input line 954.
(pdftex.def)             Requested size: 441.01775pt x 283.51701pt.
<./images/15.png, id=671, 702.625pt x 451.6875pt>
File: ./images/15.png Graphic file (type png)
<use ./images/15.png>
Package pdftex.def Info: ./images/15.png  used on input line 961.
(pdftex.def)             Requested size: 441.01775pt x 283.51701pt.
<./images/2.png, id=672, 702.625pt x 451.6875pt>
File: ./images/2.png Graphic file (type png)
<use ./images/2.png>
Package pdftex.def Info: ./images/2.png  used on input line 968.
(pdftex.def)             Requested size: 441.01775pt x 283.51701pt.
<./images/3.png, id=673, 779.91376pt x 866.23625pt>
File: ./images/3.png Graphic file (type png)
<use ./images/3.png>
Package pdftex.def Info: ./images/3.png  used on input line 974.
(pdftex.def)             Requested size: 441.01775pt x 489.82092pt.
<./images/4a.png, id=674, 702.625pt x 451.6875pt>
File: ./images/4a.png Graphic file (type png)
<use ./images/4a.png>
Package pdftex.def Info: ./images/4a.png  used on input line 980.
(pdftex.def)             Requested size: 441.01775pt x 283.51701pt.
<./images/4.png, id=675, 702.625pt x 451.6875pt>
File: ./images/4.png Graphic file (type png)
<use ./images/4.png>
Package pdftex.def Info: ./images/4.png  used on input line 986.
(pdftex.def)             Requested size: 441.01775pt x 283.51701pt.
<./images/5.png, id=676, 702.625pt x 451.6875pt>
File: ./images/5.png Graphic file (type png)
<use ./images/5.png>
Package pdftex.def Info: ./images/5.png  used on input line 992.
(pdftex.def)             Requested size: 441.01775pt x 283.51701pt.
<./images/7.png, id=677, 702.625pt x 451.6875pt>
File: ./images/7.png Graphic file (type png)
<use ./images/7.png>
Package pdftex.def Info: ./images/7.png  used on input line 999.
(pdftex.def)             Requested size: 441.01775pt x 283.51701pt.
<./images/8.png, id=678, 702.625pt x 451.6875pt>
File: ./images/8.png Graphic file (type png)
<use ./images/8.png>
Package pdftex.def Info: ./images/8.png  used on input line 1005.
(pdftex.def)             Requested size: 441.01775pt x 283.51701pt.
<./images/9.png, id=679, 702.625pt x 451.6875pt>
File: ./images/9.png Graphic file (type png)
<use ./images/9.png>
Package pdftex.def Info: ./images/9.png  used on input line 1011.
(pdftex.def)             Requested size: 441.01775pt x 283.51701pt.
<./images/6.png, id=680, 702.625pt x 451.6875pt>
File: ./images/6.png Graphic file (type png)
<use ./images/6.png>
Package pdftex.def Info: ./images/6.png  used on input line 1017.
(pdftex.def)             Requested size: 441.01775pt x 283.51701pt.
<./images/download(1).png, id=681, 720.6925pt x 500.87125pt>
File: ./images/download(1).png Graphic file (type png)
<use ./images/download(1).png>
Package pdftex.def Info: ./images/download(1).png  used on input line 1023.
(pdftex.def)             Requested size: 441.01775pt x 306.50162pt.
<./images/download(2).png, id=682, 720.6925pt x 500.87125pt>
File: ./images/download(2).png Graphic file (type png)
<use ./images/download(2).png>
Package pdftex.def Info: ./images/download(2).png  used on input line 1029.
(pdftex.def)             Requested size: 441.01775pt x 306.50162pt.
<./images/download(3).png, id=683, 725.71124pt x 500.87125pt>
File: ./images/download(3).png Graphic file (type png)
<use ./images/download(3).png>
Package pdftex.def Info: ./images/download(3).png  used on input line 1035.
(pdftex.def)             Requested size: 441.01775pt x 304.3846pt.
<./images/download(4).png, id=684, 720.6925pt x 500.87125pt>
File: ./images/download(4).png Graphic file (type png)
<use ./images/download(4).png>
Package pdftex.def Info: ./images/download(4).png  used on input line 1041.
(pdftex.def)             Requested size: 441.01775pt x 306.50162pt.
<./images/download(5).png, id=685, 720.6925pt x 500.87125pt>
File: ./images/download(5).png Graphic file (type png)
<use ./images/download(5).png>
Package pdftex.def Info: ./images/download(5).png  used on input line 1047.
(pdftex.def)             Requested size: 441.01775pt x 306.50162pt.
<./images/newplot(13).png, id=686, 702.625pt x 451.6875pt>
File: ./images/newplot(13).png Graphic file (type png)
<use ./images/newplot(13).png>
Package pdftex.def Info: ./images/newplot(13).png  used on input line 1053.
(pdftex.def)             Requested size: 441.01775pt x 283.51701pt.
<./images/newplot(14).png, id=687, 702.625pt x 451.6875pt>
File: ./images/newplot(14).png Graphic file (type png)
<use ./images/newplot(14).png>
Package pdftex.def Info: ./images/newplot(14).png  used on input line 1059.
(pdftex.def)             Requested size: 441.01775pt x 283.51701pt.
<./images/newplot(15).png, id=688, 702.625pt x 451.6875pt>
File: ./images/newplot(15).png Graphic file (type png)
<use ./images/newplot(15).png>
Package pdftex.def Info: ./images/newplot(15).png  used on input line 1065.
(pdftex.def)             Requested size: 441.01775pt x 283.51701pt.
<./images/newplot(16).png, id=689, 702.625pt x 451.6875pt>
File: ./images/newplot(16).png Graphic file (type png)
<use ./images/newplot(16).png>
Package pdftex.def Info: ./images/newplot(16).png  used on input line 1071.
(pdftex.def)             Requested size: 441.01775pt x 283.51701pt.
<./images/newplot(17).png, id=690, 702.625pt x 451.6875pt>
File: ./images/newplot(17).png Graphic file (type png)
<use ./images/newplot(17).png>
Package pdftex.def Info: ./images/newplot(17).png  used on input line 1077.
(pdftex.def)             Requested size: 441.01775pt x 283.51701pt.
<./images/newplot(18).png, id=691, 702.625pt x 451.6875pt>
File: ./images/newplot(18).png Graphic file (type png)
<use ./images/newplot(18).png>
Package pdftex.def Info: ./images/newplot(18).png  used on input line 1083.
(pdftex.def)             Requested size: 441.01775pt x 283.51701pt.
<./images/newplot(19).png, id=692, 702.625pt x 451.6875pt>
File: ./images/newplot(19).png Graphic file (type png)
<use ./images/newplot(19).png>
Package pdftex.def Info: ./images/newplot(19).png  used on input line 1089.
(pdftex.def)             Requested size: 441.01775pt x 283.51701pt.
<./images/newplot(20).png, id=693, 702.625pt x 451.6875pt>
File: ./images/newplot(20).png Graphic file (type png)
<use ./images/newplot(20).png>
Package pdftex.def Info: ./images/newplot(20).png  used on input line 1095.
(pdftex.def)             Requested size: 441.01775pt x 283.51701pt.
<./images/newplot(21).png, id=694, 702.625pt x 451.6875pt>
File: ./images/newplot(21).png Graphic file (type png)
<use ./images/newplot(21).png>
Package pdftex.def Info: ./images/newplot(21).png  used on input line 1101.
(pdftex.def)             Requested size: 441.01775pt x 283.51701pt.
<./images/newplot(22).png, id=695, 702.625pt x 451.6875pt>
File: ./images/newplot(22).png Graphic file (type png)
<use ./images/newplot(22).png>
Package pdftex.def Info: ./images/newplot(22).png  used on input line 1107.
(pdftex.def)             Requested size: 441.01775pt x 283.51701pt.
<./images/newplot(23).png, id=696, 702.625pt x 451.6875pt>
File: ./images/newplot(23).png Graphic file (type png)
<use ./images/newplot(23).png>
Package pdftex.def Info: ./images/newplot(23).png  used on input line 1113.
(pdftex.def)             Requested size: 441.01775pt x 283.51701pt.
<./images/newplot(24).png, id=697, 702.625pt x 451.6875pt>
File: ./images/newplot(24).png Graphic file (type png)
<use ./images/newplot(24).png>
Package pdftex.def Info: ./images/newplot(24).png  used on input line 1119.
(pdftex.def)             Requested size: 441.01775pt x 283.51701pt.
<./images/newplot(25).png, id=698, 702.625pt x 451.6875pt>
File: ./images/newplot(25).png Graphic file (type png)
<use ./images/newplot(25).png>
Package pdftex.def Info: ./images/newplot(25).png  used on input line 1125.
(pdftex.def)             Requested size: 441.01775pt x 283.51701pt.
<./images/newplot(26).png, id=699, 702.625pt x 451.6875pt>
File: ./images/newplot(26).png Graphic file (type png)
<use ./images/newplot(26).png>
Package pdftex.def Info: ./images/newplot(26).png  used on input line 1131.
(pdftex.def)             Requested size: 441.01775pt x 283.51701pt.
<./images/newplot(27).png, id=700, 702.625pt x 451.6875pt>
File: ./images/newplot(27).png Graphic file (type png)
<use ./images/newplot(27).png>
Package pdftex.def Info: ./images/newplot(27).png  used on input line 1137.
(pdftex.def)             Requested size: 441.01775pt x 283.51701pt.
<./images/newplot(28).png, id=701, 702.625pt x 451.6875pt>
File: ./images/newplot(28).png Graphic file (type png)
<use ./images/newplot(28).png>
Package pdftex.def Info: ./images/newplot(28).png  used on input line 1143.
(pdftex.def)             Requested size: 441.01775pt x 283.51701pt.
<./images/newplot(29).png, id=702, 702.625pt x 451.6875pt>
File: ./images/newplot(29).png Graphic file (type png)
<use ./images/newplot(29).png>
Package pdftex.def Info: ./images/newplot(29).png  used on input line 1149.
(pdftex.def)             Requested size: 441.01775pt x 283.51701pt.
<./images/newplot(30).png, id=703, 702.625pt x 451.6875pt>
File: ./images/newplot(30).png Graphic file (type png)
<use ./images/newplot(30).png>
Package pdftex.def Info: ./images/newplot(30).png  used on input line 1155.
(pdftex.def)             Requested size: 441.01775pt x 283.51701pt.
<./images/newplot(32).png, id=704, 702.625pt x 451.6875pt>
File: ./images/newplot(32).png Graphic file (type png)
<use ./images/newplot(32).png>
Package pdftex.def Info: ./images/newplot(32).png  used on input line 1161.
(pdftex.def)             Requested size: 441.01775pt x 283.51701pt.
<./images/newplot(33).png, id=705, 702.625pt x 451.6875pt>
File: ./images/newplot(33).png Graphic file (type png)
<use ./images/newplot(33).png>
Package pdftex.def Info: ./images/newplot(33).png  used on input line 1167.
(pdftex.def)             Requested size: 441.01775pt x 283.51701pt.
<./images/newplot(34).png, id=706, 702.625pt x 451.6875pt>
File: ./images/newplot(34).png Graphic file (type png)
<use ./images/newplot(34).png>
Package pdftex.def Info: ./images/newplot(34).png  used on input line 1173.
(pdftex.def)             Requested size: 441.01775pt x 283.51701pt.
<./images/newplot(35).png, id=707, 702.625pt x 451.6875pt>
File: ./images/newplot(35).png Graphic file (type png)
<use ./images/newplot(35).png>
Package pdftex.def Info: ./images/newplot(35).png  used on input line 1179.
(pdftex.def)             Requested size: 441.01775pt x 283.51701pt.
<./images/newplot(37).png, id=708, 702.625pt x 451.6875pt>
File: ./images/newplot(37).png Graphic file (type png)
<use ./images/newplot(37).png>
Package pdftex.def Info: ./images/newplot(37).png  used on input line 1185.
(pdftex.def)             Requested size: 441.01775pt x 283.51701pt.
<./images/newplot(38).png, id=709, 702.625pt x 451.6875pt>
File: ./images/newplot(38).png Graphic file (type png)
<use ./images/newplot(38).png>
Package pdftex.def Info: ./images/newplot(38).png  used on input line 1191.
(pdftex.def)             Requested size: 441.01775pt x 283.51701pt.
<./images/newplot(40).png, id=710, 702.625pt x 451.6875pt>
File: ./images/newplot(40).png Graphic file (type png)
<use ./images/newplot(40).png>
Package pdftex.def Info: ./images/newplot(40).png  used on input line 1197.
(pdftex.def)             Requested size: 441.01775pt x 283.51701pt.
<./images/newplot(41).png, id=711, 702.625pt x 451.6875pt>
File: ./images/newplot(41).png Graphic file (type png)
<use ./images/newplot(41).png>
Package pdftex.def Info: ./images/newplot(41).png  used on input line 1203.
(pdftex.def)             Requested size: 441.01775pt x 283.51701pt.
<./images/newplot(42).png, id=712, 702.625pt x 451.6875pt>
File: ./images/newplot(42).png Graphic file (type png)
<use ./images/newplot(42).png>
Package pdftex.def Info: ./images/newplot(42).png  used on input line 1209.
(pdftex.def)             Requested size: 441.01775pt x 283.51701pt.
 [45

 <./images/1.png>] [46 <./images/10.png> <./images/11.png>]
[47 <./images/14.png> <./images/12.png>] [48 <./images/13.png> <./images/15.png
>] [49 <./images/2.png>] [50 <./images/3.png>] [51 <./images/4a.png> <./images/
4.png>] [52 <./images/5.png> <./images/7.png>] [53 <./images/8.png> <./images/9
.png>] [54 <./images/6.png> <./images/download(1).png>] [55 <./images/download(
2).png> <./images/download(3).png>] [56 <./images/download(4).png> <./images/do
wnload(5).png>] [57 <./images/newplot(13).png> <./images/newplot(14).png>]
[58 <./images/newplot(15).png> <./images/newplot(16).png>] [59 <./images/newplo
t(17).png> <./images/newplot(18).png>] [60 <./images/newplot(19).png> <./images
/newplot(20).png>] [61 <./images/newplot(21).png> <./images/newplot(22).png>]
[62 <./images/newplot(23).png> <./images/newplot(24).png>] [63 <./images/newplo
t(25).png> <./images/newplot(26).png>] [64 <./images/newplot(27).png> <./images
/newplot(28).png>] [65 <./images/newplot(29).png> <./images/newplot(30).png>]
[66 <./images/newplot(32).png> <./images/newplot(33).png>] [67 <./images/newplo
t(34).png> <./images/newplot(35).png>] [68 <./images/newplot(37).png> <./images
/newplot(38).png>] [69 <./images/newplot(40).png> <./images/newplot(41).png>]
[70 <./images/newplot(42).png>]
<./images/1se.png, id=870, 750.805pt x 1573.88pt>
File: ./images/1se.png Graphic file (type png)
<use ./images/1se.png>
Package pdftex.def Info: ./images/1se.png  used on input line 1217.
(pdftex.def)             Requested size: 220.50887pt x 462.22525pt.
<./images/2se.png, id=871, 750.805pt x 1573.88pt>
File: ./images/2se.png Graphic file (type png)
<use ./images/2se.png>
Package pdftex.def Info: ./images/2se.png  used on input line 1222.
(pdftex.def)             Requested size: 220.50887pt x 462.22525pt.
<./images/3se.png, id=872, 750.805pt x 1573.88pt>
File: ./images/3se.png Graphic file (type png)
<use ./images/3se.png>
Package pdftex.def Info: ./images/3se.png  used on input line 1227.
(pdftex.def)             Requested size: 220.50887pt x 462.22525pt.
<./images/4se.png, id=873, 750.805pt x 1573.88pt>
File: ./images/4se.png Graphic file (type png)
<use ./images/4se.png>
Package pdftex.def Info: ./images/4se.png  used on input line 1232.
(pdftex.def)             Requested size: 220.50887pt x 462.22525pt.
<./images/5se.png, id=874, 750.805pt x 1573.88pt>
File: ./images/5se.png Graphic file (type png)
<use ./images/5se.png>
Package pdftex.def Info: ./images/5se.png  used on input line 1237.
(pdftex.def)             Requested size: 220.50887pt x 462.22525pt.
<./images/6se.png, id=875, 750.805pt x 1573.88pt>
File: ./images/6se.png Graphic file (type png)
<use ./images/6se.png>
Package pdftex.def Info: ./images/6se.png  used on input line 1242.
(pdftex.def)             Requested size: 220.50887pt x 462.22525pt.
<./images/7se.png, id=876, 750.805pt x 1573.88pt>
File: ./images/7se.png Graphic file (type png)
<use ./images/7se.png>
Package pdftex.def Info: ./images/7se.png  used on input line 1247.
(pdftex.def)             Requested size: 220.50887pt x 462.22525pt.
<./images/8se.png, id=877, 750.805pt x 1573.88pt>
File: ./images/8se.png Graphic file (type png)
<use ./images/8se.png>
Package pdftex.def Info: ./images/8se.png  used on input line 1252.
(pdftex.def)             Requested size: 220.50887pt x 462.22525pt.
 [71

 <./images/1se.png>] [72 <./images/2se.png>] [73 <./images/3se.png>] [74 <./ima
ges/4se.png>] [75 <./images/5se.png>]
[76 <./images/6se.png>] [77 <./images/7se.png>] [78 <./images/8se.png>]
[79

] (./cluster.bbl
Underfull \hbox (badness 4582) in paragraph at lines 24--28
[]\OT1/cmr/m/it/12 What is Di-a-betes?  \OT1/cmr/m/n/12 U.S. De-part-ment of He
alth and Hu-man Ser-
 []


Underfull \hbox (badness 7486) in paragraph at lines 24--28
\OT1/cmr/m/n/12 vices, https://www.niddk.nih.gov/health-information/diabetes/ov
erview/what-
 []

[80]
Underfull \hbox (badness 10000) in paragraph at lines 79--84
[]\OT1/cmr/m/n/12 Jennifer Bres-nick.  Un-der-stand-ing the ba-sics of clin-i-c
al de-ci-
 []


Underfull \hbox (badness 10000) in paragraph at lines 79--84
\OT1/cmr/m/n/12 sion sup-port sys-tems.  []$\OT1/cmtt/m/n/12 https : / / health
itanalytics . com / features /
 []


Underfull \hbox (badness 10000) in paragraph at lines 79--84
\OT1/cmtt/m/n/12 understanding-[]the-[]basics-[]of-[]clinical-[]decision-[]supp
ort-[]systems$[]\OT1/cmr/m/n/12 ,
 []


Underfull \hbox (badness 10000) in paragraph at lines 86--91
[]\OT1/cmr/m/n/12 Rajesh S. Brid.  De-ci-sion trees, a sim-ple way to vi-
 []


Underfull \hbox (badness 10000) in paragraph at lines 86--91
\OT1/cmr/m/n/12 su-alise de-sci-sions.  []$\OT1/cmtt/m/n/12 https : / / medium 
. com / greyatom /
 []


Underfull \hbox (badness 10000) in paragraph at lines 86--91
\OT1/cmtt/m/n/12 decision-[]trees-[]a-[]simple-[]way-[]to-[]visualize-[]a-[]dec
ision-[]dc506a403aeb$[]\OT1/cmr/m/n/12 ,
 []


Underfull \hbox (badness 10000) in paragraph at lines 105--110
[]$\OT1/cmtt/m/n/12 https : / / machinelearningmastery . com / neural-[]network
s-[]crash-[]course/$[]\OT1/cmr/m/n/12 ,
 []


Underfull \hbox (badness 10000) in paragraph at lines 112--117
[]\OT1/cmr/m/n/12 Jason Brown-lee.  When to use mlp, cnn, and rnn neu-
 []


Underfull \hbox (badness 10000) in paragraph at lines 112--117
\OT1/cmr/m/n/12 ral net-works.  []$\OT1/cmtt/m/n/12 https : / / machinelearning
mastery . com /
 []


Underfull \hbox (badness 5681) in paragraph at lines 119--124
[]\OT1/cmr/m/n/12 IBM Knowl-edge Cen-ter.  What is dis-tributed com-put-ing.  [
]$\OT1/cmtt/m/n/12 https :
 []


Underfull \hbox (badness 10000) in paragraph at lines 119--124
\OT1/cmtt/m/n/12 / / www . ibm . com / support / knowledgecenter / en / SSAL2T 
_ 8 . 2 . 0 / com . ibm .
 []

[81]
Underfull \hbox (badness 10000) in paragraph at lines 204--210
[]\OT1/cmr/m/n/12 Rohith Gandhi.  Sup-port vec-tor ma-chine | in-tro-duc-tion t
o ma-
 []


Underfull \hbox (badness 10000) in paragraph at lines 204--210
\OT1/cmr/m/n/12 chine learn-ing al-go-rithms.  []$\OT1/cmtt/m/n/12 https : / / 
towardsdatascience . com /
 []


Overfull \hbox (78.22388pt too wide) in paragraph at lines 204--210
\OT1/cmtt/m/n/12 support-[]vector-[]machine-[]introduction-[]to-[]machine-[]lea
rning-[]algorithms-[]934a444fca47$[]\OT1/cmr/m/n/12 ,
 []

[82]
Underfull \hbox (badness 1776) in paragraph at lines 226--229
[]\OT1/cmr/m/n/12 The PHP Group.  What is php?  []$\OT1/cmtt/m/n/12 https : / /
 www . php . net / manual / en /
 []


Underfull \hbox (badness 10000) in paragraph at lines 243--248
[]\OT1/cmr/m/n/12 Prashant Gupta.  De-ci-sion trees in ma-chine
 []


Underfull \hbox (badness 10000) in paragraph at lines 243--248
\OT1/cmr/m/n/12 learn-ing.  []$\OT1/cmtt/m/n/12 https : / / towardsdatascience 
. com /
 []


Underfull \hbox (badness 10000) in paragraph at lines 250--255
[]\OT1/cmr/m/n/12 Onel Har-ri-son.  Ma-chine learn-ing ba-sics with the k-neare
st
 []


Underfull \hbox (badness 10000) in paragraph at lines 250--255
\OT1/cmr/m/n/12 neigh-bors al-go-rithm.  []$\OT1/cmtt/m/n/12 https : / / toward
sdatascience . com /
 []


Overfull \hbox (54.02386pt too wide) in paragraph at lines 250--255
\OT1/cmtt/m/n/12 machine-[]learning-[]basics-[]with-[]the-[]k-[]nearest-[]neigh
bors-[]algorithm-[]6a6e71d01761$[]\OT1/cmr/m/n/12 ,
 []


Underfull \hbox (badness 10000) in paragraph at lines 289--295
[]\OT1/cmr/m/n/12 International Di-a-betes Fed-er-a-tion.  Home.  []$\OT1/cmtt/
m/n/12 https : / / www .
 []


Underfull \hbox (badness 10000) in paragraph at lines 289--295
\OT1/cmtt/m/n/12 idf . org / e-[]library / epidemiology-[]research / diabetes-[
]atlas /
 []


Underfull \hbox (badness 1874) in paragraph at lines 289--295
\OT1/cmtt/m/n/12 134-[]idf-[]diabetes-[]atlas-[]8th-[]edition . html$[]\OT1/cmr
/m/n/12 , 2016.  On-line; ac-cessed 12
 []

[83]
Underfull \hbox (badness 10000) in paragraph at lines 308--313
[]\OT1/cmr/m/n/12 Will Koehrsen.  An im-ple-men-ta-tion and ex-pla-na-tion of t
he
 []


Underfull \hbox (badness 10000) in paragraph at lines 308--313
\OT1/cmr/m/n/12 ran-dom for-est in python.  []$\OT1/cmtt/m/n/12 https : / / tow
ardsdatascience . com /
 []


Overfull \hbox (66.87387pt too wide) in paragraph at lines 308--313
\OT1/cmtt/m/n/12 an-[]implementation-[]and-[]explanation-[]of-[]the-[]random-[]
forest-[]in-[]python-[]77bf308a9b76$[]\OT1/cmr/m/n/12 ,
 []

[84]
Underfull \hbox (badness 10000) in paragraph at lines 415--421
\OT1/cmtt/m/n/12 stable / modules / generated / sklearn . preprocessing . Label
Encoder . html$[]\OT1/cmr/m/n/12 ,
 []


Underfull \hbox (badness 10000) in paragraph at lines 423--429
\OT1/cmtt/m/n/12 org / stable / modules / generated / sklearn . preprocessing .
 StandardScaler .
 []

[85]
Underfull \hbox (badness 10000) in paragraph at lines 439--444
[]\OT1/cmr/m/n/12 Harshdeep Singh.  Un-der-stand-ing gra-di-ent boost-
 []


Underfull \hbox (badness 10000) in paragraph at lines 439--444
\OT1/cmr/m/n/12 ing ma-chines.  []$\OT1/cmtt/m/n/12 https : / / towardsdatascie
nce . com /
 []


Underfull \hbox (badness 3482) in paragraph at lines 469--475
[]\OT1/cmr/m/n/12 Yellowbrick.  Dis-crim-i-na-tion Thresh-old - yel-low-brick v
1.0.1 doc-u-men-ta-
 []

)
No file cluster.gls.
[86]
Package atveryend Info: Empty hook `BeforeClearDocument' on input line 1266.
Package atveryend Info: Empty hook `AfterLastShipout' on input line 1266.
 (./cluster.aux)
Package atveryend Info: Executing hook `AtVeryEndDocument' on input line 1266.
Package atveryend Info: Executing hook `AtEndAfterFileList' on input line 1266.

Package rerunfilecheck Info: File `cluster.out' has not changed.
(rerunfilecheck)             Checksum: 05AEDB408EB79E730C3DBC19FF16A053;3087.
 ) 
Here is how much of TeX's memory you used:
 26507 strings out of 494805
 476374 string characters out of 6178000
 676629 words of memory out of 5000000
 28951 multiletter control sequences out of 15000+600000
 10466 words of font info for 38 fonts, out of 8000000 for 9000
 81 hyphenation exceptions out of 8191
 249i,10n,243p,1992b,1084s stack positions out of 5000i,500n,10000p,200000b,80000s
</usr/share/texlive/texmf-dist/fonts/type1/public/amsfonts/cm/cmbx10.pfb></us
r/share/texlive/texmf-dist/fonts/type1/public/amsfonts/cm/cmbx12.pfb></usr/shar
e/texlive/texmf-dist/fonts/type1/public/amsfonts/cm/cmmi12.pfb></usr/share/texl
ive/texmf-dist/fonts/type1/public/amsfonts/cm/cmmi8.pfb></usr/share/texlive/tex
mf-dist/fonts/type1/public/amsfonts/cm/cmr10.pfb></usr/share/texlive/texmf-dist
/fonts/type1/public/amsfonts/cm/cmr12.pfb></usr/share/texlive/texmf-dist/fonts/
type1/public/amsfonts/cm/cmr17.pfb></usr/share/texlive/texmf-dist/fonts/type1/p
ublic/amsfonts/cm/cmr6.pfb></usr/share/texlive/texmf-dist/fonts/type1/public/am
sfonts/cm/cmsy10.pfb></usr/share/texlive/texmf-dist/fonts/type1/public/amsfonts
/cm/cmti12.pfb></usr/share/texlive/texmf-dist/fonts/type1/public/amsfonts/cm/cm
tt10.pfb></usr/share/texlive/texmf-dist/fonts/type1/public/amsfonts/cm/cmtt12.p
fb>
Output written on cluster.pdf (87 pages, 3109950 bytes).
PDF statistics:
 1181 PDF objects out of 1200 (max. 8388607)
 958 compressed objects within 10 object streams
 305 named destinations out of 1000 (max. 500000)
 709 words of extra memory for PDF output out of 10000 (max. 10000000)

